<?xml version="1.0" encoding="UTF-8"?>
<!-- Generated by org.testng.reporters.JUnitXMLReporter -->
<testsuite ignored="0" hostname="DESKTOP-AF33508" failures="2" tests="2" name="Test_Other_Features" time="0.011" errors="0" timestamp="2023-09-25T16:41:51 IST">
  <testcase classname="beforesuite_aftersuite_annotations.OrangeHRMInc_Home_Page" name="testOrangeHRM" time="0.001">
    <failure type="java.lang.NullPointerException" message="Cannot invoke &amp;quot;org.openqa.selenium.WebDriver.findElement(org.openqa.selenium.By)&amp;quot; because &amp;quot;this.driver&amp;quot; is null">
      <![CDATA[java.lang.NullPointerException: Cannot invoke "org.openqa.selenium.WebDriver.findElement(org.openqa.selenium.By)" because "this.driver" is null
at beforesuite_aftersuite_annotations.OrangeHRMInc_Home_Page.testOrangeHRM(OrangeHRMInc_Home_Page.java:20)
at java.base/java.util.ArrayList.forEach(ArrayList.java:1511)
... Removed 25 stack frames]]>
    </failure>
  </testcase> <!-- testOrangeHRM -->
  <testcase classname="beforesuite_aftersuite_annotations.Forgot_Password_Page" name="testForgotPassword" time="0.002">
    <failure type="java.lang.NullPointerException" message="Cannot invoke &amp;quot;org.openqa.selenium.WebDriver.findElement(org.openqa.selenium.By)&amp;quot; because &amp;quot;this.driver&amp;quot; is null">
      <![CDATA[java.lang.NullPointerException: Cannot invoke "org.openqa.selenium.WebDriver.findElement(org.openqa.selenium.By)" because "this.driver" is null
at beforesuite_aftersuite_annotations.Forgot_Password_Page.testForgotPassword(Forgot_Password_Page.java:21)
at java.base/java.util.ArrayList.forEach(ArrayList.java:1511)
... Removed 25 stack frames]]>
    </failure>
  </testcase> <!-- testForgotPassword -->
</testsuite> <!-- Test_Other_Features -->
